# JRE version: Java(TM) SE Runtime Environment (8.0_211-b12) (build 1.8.0_211-b12)
# Java VM: Java HotSpot(TM) 64-Bit Server VM (25.211-b12 mixed mode windows-amd64 compressed oops)
Heap:
 PSYoungGen      total 111104K, used 10989K [0x00000000d5980000, 0x00000000e0480000, 0x0000000100000000)
  eden space 101376K, 10% used [0x00000000d5980000,0x00000000d643b548,0x00000000dbc80000)
  from space 9728K, 0% used [0x00000000dbc80000,0x00000000dbc80000,0x00000000dc600000)
  to   space 11776K, 0% used [0x00000000df900000,0x00000000df900000,0x00000000e0480000)
 ParOldGen       total 91648K, used 15738K [0x0000000080c00000, 0x0000000086580000, 0x00000000d5980000)
  object space 91648K, 17% used [0x0000000080c00000,0x0000000081b5e830,0x0000000086580000)
 Metaspace       used 34512K, capacity 36074K, committed 36392K, reserved 1081344K
  class space    used 4409K, capacity 4727K, committed 4784K, reserved 1048576K
GC Heap History (10 events):
Event: 1.149 GC heap before
{Heap before GC invocations=5 (full 1):
 PSYoungGen      total 71680K, used 5096K [0x00000000d5980000, 0x00000000da480000, 0x0000000100000000)
  eden space 66560K, 0% used [0x00000000d5980000,0x00000000d5980000,0x00000000d9a80000)
  from space 5120K, 99% used [0x00000000d9f80000,0x00000000da47a020,0x00000000da480000)
  to   space 5120K, 0% used [0x00000000d9a80000,0x00000000d9a80000,0x00000000d9f80000)
 ParOldGen       total 87552K, used 6000K [0x0000000080c00000, 0x0000000086180000, 0x00000000d5980000)
  object space 87552K, 6% used [0x0000000080c00000,0x00000000811dc088,0x0000000086180000)
 Metaspace       used 20690K, capacity 21256K, committed 21296K, reserved 1067008K
  class space    used 2662K, capacity 2825K, committed 2864K, reserved 1048576K
Event: 1.174 GC heap after
Heap after GC invocations=5 (full 1):
 PSYoungGen      total 71680K, used 0K [0x00000000d5980000, 0x00000000da480000, 0x0000000100000000)
  eden space 66560K, 0% used [0x00000000d5980000,0x00000000d5980000,0x00000000d9a80000)
  from space 5120K, 0% used [0x00000000d9f80000,0x00000000d9f80000,0x00000000da480000)
  to   space 5120K, 0% used [0x00000000d9a80000,0x00000000d9a80000,0x00000000d9f80000)
 ParOldGen       total 59392K, used 7908K [0x0000000080c00000, 0x0000000084600000, 0x00000000d5980000)
  object space 59392K, 13% used [0x0000000080c00000,0x00000000813b9090,0x0000000084600000)
 Metaspace       used 20688K, capacity 21250K, committed 21296K, reserved 1067008K
  class space    used 2662K, capacity 2824K, committed 2864K, reserved 1048576K
}
Event: 1.734 GC heap before
{Heap before GC invocations=6 (full 1):
 PSYoungGen      total 71680K, used 66560K [0x00000000d5980000, 0x00000000da480000, 0x0000000100000000)
  eden space 66560K, 100% used [0x00000000d5980000,0x00000000d9a80000,0x00000000d9a80000)
  from space 5120K, 0% used [0x00000000d9f80000,0x00000000d9f80000,0x00000000da480000)
  to   space 5120K, 0% used [0x00000000d9a80000,0x00000000d9a80000,0x00000000d9f80000)
 ParOldGen       total 59392K, used 7908K [0x0000000080c00000, 0x0000000084600000, 0x00000000d5980000)
  object space 59392K, 13% used [0x0000000080c00000,0x00000000813b9090,0x0000000084600000)
 Metaspace       used 24531K, capacity 25354K, committed 25392K, reserved 1071104K
  class space    used 3139K, capacity 3353K, committed 3376K, reserved 1048576K
Event: 1.742 GC heap after
Heap after GC invocations=6 (full 1):
 PSYoungGen      total 71680K, used 5111K [0x00000000d5980000, 0x00000000dd000000, 0x0000000100000000)
  eden space 66560K, 0% used [0x00000000d5980000,0x00000000d5980000,0x00000000d9a80000)
  from space 5120K, 99% used [0x00000000d9a80000,0x00000000d9f7dc00,0x00000000d9f80000)
  to   space 9216K, 0% used [0x00000000dc700000,0x00000000dc700000,0x00000000dd000000)
 ParOldGen       total 59392K, used 8621K [0x0000000080c00000, 0x0000000084600000, 0x00000000d5980000)
  object space 59392K, 14% used [0x0000000080c00000,0x000000008146b718,0x0000000084600000)
 Metaspace       used 24531K, capacity 25354K, committed 25392K, reserved 1071104K
  class space    used 3139K, capacity 3353K, committed 3376K, reserved 1048576K
}
Event: 2.364 GC heap before
{Heap before GC invocations=7 (full 1):
 PSYoungGen      total 71680K, used 71671K [0x00000000d5980000, 0x00000000dd000000, 0x0000000100000000)
  eden space 66560K, 100% used [0x00000000d5980000,0x00000000d9a80000,0x00000000d9a80000)
  from space 5120K, 99% used [0x00000000d9a80000,0x00000000d9f7dc00,0x00000000d9f80000)
  to   space 9216K, 0% used [0x00000000dc700000,0x00000000dc700000,0x00000000dd000000)
 ParOldGen       total 59392K, used 8621K [0x0000000080c00000, 0x0000000084600000, 0x00000000d5980000)
  object space 59392K, 14% used [0x0000000080c00000,0x000000008146b718,0x0000000084600000)
 Metaspace       used 28664K, capacity 29706K, committed 29872K, reserved 1075200K
  class space    used 3677K, capacity 3931K, committed 4016K, reserved 1048576K
Event: 2.373 GC heap after
Heap after GC invocations=7 (full 1):
 PSYoungGen      total 109568K, used 8618K [0x00000000d5980000, 0x00000000dcf80000, 0x0000000100000000)
  eden space 100864K, 0% used [0x00000000d5980000,0x00000000d5980000,0x00000000dbc00000)
  from space 8704K, 99% used [0x00000000dc700000,0x00000000dcf6ab78,0x00000000dcf80000)
  to   space 9728K, 0% used [0x00000000dbc80000,0x00000000dbc80000,0x00000000dc600000)
 ParOldGen       total 59392K, used 8629K [0x0000000080c00000, 0x0000000084600000, 0x00000000d5980000)
  object space 59392K, 14% used [0x0000000080c00000,0x000000008146d718,0x0000000084600000)
 Metaspace       used 28664K, capacity 29706K, committed 29872K, reserved 1075200K
  class space    used 3677K, capacity 3931K, committed 4016K, reserved 1048576K
}
Event: 3.322 GC heap before
{Heap before GC invocations=8 (full 1):
 PSYoungGen      total 109568K, used 72451K [0x00000000d5980000, 0x00000000dcf80000, 0x0000000100000000)
  eden space 100864K, 63% used [0x00000000d5980000,0x00000000d97d6388,0x00000000dbc00000)
  from space 8704K, 99% used [0x00000000dc700000,0x00000000dcf6ab78,0x00000000dcf80000)
  to   space 9728K, 0% used [0x00000000dbc80000,0x00000000dbc80000,0x00000000dc600000)
 ParOldGen       total 59392K, used 8629K [0x0000000080c00000, 0x0000000084600000, 0x00000000d5980000)
  object space 59392K, 14% used [0x0000000080c00000,0x000000008146d718,0x0000000084600000)
 Metaspace       used 33879K, capacity 35344K, committed 35496K, reserved 1081344K
  class space    used 4309K, capacity 4616K, committed 4656K, reserved 1048576K
Event: 3.340 GC heap after
Heap after GC invocations=8 (full 1):
 PSYoungGen      total 111104K, used 9712K [0x00000000d5980000, 0x00000000e0480000, 0x0000000100000000)
  eden space 101376K, 0% used [0x00000000d5980000,0x00000000d5980000,0x00000000dbc80000)
  from space 9728K, 99% used [0x00000000dbc80000,0x00000000dc5fc1a8,0x00000000dc600000)
  to   space 11776K, 0% used [0x00000000df900000,0x00000000df900000,0x00000000e0480000)
 ParOldGen       total 59392K, used 10296K [0x0000000080c00000, 0x0000000084600000, 0x00000000d5980000)
  object space 59392K, 17% used [0x0000000080c00000,0x000000008160e3b8,0x0000000084600000)
 Metaspace       used 33879K, capacity 35344K, committed 35496K, reserved 1081344K
  class space    used 4309K, capacity 4616K, committed 4656K, reserved 1048576K
}
Event: 3.340 GC heap before
{Heap before GC invocations=9 (full 2):
 PSYoungGen      total 111104K, used 9712K [0x00000000d5980000, 0x00000000e0480000, 0x0000000100000000)
  eden space 101376K, 0% used [0x00000000d5980000,0x00000000d5980000,0x00000000dbc80000)
  from space 9728K, 99% used [0x00000000dbc80000,0x00000000dc5fc1a8,0x00000000dc600000)
  to   space 11776K, 0% used [0x00000000df900000,0x00000000df900000,0x00000000e0480000)
 ParOldGen       total 59392K, used 10296K [0x0000000080c00000, 0x0000000084600000, 0x00000000d5980000)
  object space 59392K, 17% used [0x0000000080c00000,0x000000008160e3b8,0x0000000084600000)
 Metaspace       used 33879K, capacity 35344K, committed 35496K, reserved 1081344K
  class space    used 4309K, capacity 4616K, committed 4656K, reserved 1048576K
Event: 3.400 GC heap after
Heap after GC invocations=9 (full 2):
 PSYoungGen      total 111104K, used 0K [0x00000000d5980000, 0x00000000e0480000, 0x0000000100000000)
  eden space 101376K, 0% used [0x00000000d5980000,0x00000000d5980000,0x00000000dbc80000)
  from space 9728K, 0% used [0x00000000dbc80000,0x00000000dbc80000,0x00000000dc600000)
  to   space 11776K, 0% used [0x00000000df900000,0x00000000df900000,0x00000000e0480000)
 ParOldGen       total 91648K, used 15738K [0x0000000080c00000, 0x0000000086580000, 0x00000000d5980000)
  object space 91648K, 17% used [0x0000000080c00000,0x0000000081b5e830,0x0000000086580000)
 Metaspace       used 33879K, capacity 35344K, committed 35496K, reserved 1081344K
  class space    used 4309K, capacity 4616K, committed 4656K, reserved 1048576K
}

