# JRE version: Java(TM) SE Runtime Environment (8.0_211-b12) (build 1.8.0_211-b12)
# Java VM: Java HotSpot(TM) 64-Bit Server VM (25.211-b12 mixed mode windows-amd64 compressed oops)
Heap:
 PSYoungGen      total 235008K, used 33729K [0x00000000d5980000, 0x00000000ece00000, 0x0000000100000000)
  eden space 220672K, 8% used [0x00000000d5980000,0x00000000d6c754a8,0x00000000e3100000)
  from space 14336K, 99% used [0x00000000e3100000,0x00000000e3efb2c8,0x00000000e3f00000)
  to   space 18944K, 0% used [0x00000000ebb80000,0x00000000ebb80000,0x00000000ece00000)
 ParOldGen       total 82944K, used 21150K [0x0000000080c00000, 0x0000000085d00000, 0x00000000d5980000)
  object space 82944K, 25% used [0x0000000080c00000,0x00000000820a7bc8,0x0000000085d00000)
 Metaspace       used 50612K, capacity 52764K, committed 53168K, reserved 1095680K
  class space    used 6339K, capacity 6742K, committed 6832K, reserved 1048576K
GC Heap History (10 events):
Event: 1.203 GC heap before
{Heap before GC invocations=5 (full 1):
 PSYoungGen      total 138240K, used 5096K [0x00000000d5980000, 0x00000000de580000, 0x0000000100000000)
  eden space 133120K, 0% used [0x00000000d5980000,0x00000000d5980000,0x00000000ddb80000)
  from space 5120K, 99% used [0x00000000de080000,0x00000000de57a020,0x00000000de580000)
  to   space 5120K, 0% used [0x00000000ddb80000,0x00000000ddb80000,0x00000000de080000)
 ParOldGen       total 87552K, used 7141K [0x0000000080c00000, 0x0000000086180000, 0x00000000d5980000)
  object space 87552K, 8% used [0x0000000080c00000,0x00000000812f9498,0x0000000086180000)
 Metaspace       used 20604K, capacity 21188K, committed 21296K, reserved 1067008K
  class space    used 2667K, capacity 2857K, committed 2864K, reserved 1048576K
Event: 1.227 GC heap after
Heap after GC invocations=5 (full 1):
 PSYoungGen      total 138240K, used 0K [0x00000000d5980000, 0x00000000de580000, 0x0000000100000000)
  eden space 133120K, 0% used [0x00000000d5980000,0x00000000d5980000,0x00000000ddb80000)
  from space 5120K, 0% used [0x00000000de080000,0x00000000de080000,0x00000000de580000)
  to   space 5120K, 0% used [0x00000000ddb80000,0x00000000ddb80000,0x00000000de080000)
 ParOldGen       total 54272K, used 5286K [0x0000000080c00000, 0x0000000084100000, 0x00000000d5980000)
  object space 54272K, 9% used [0x0000000080c00000,0x0000000081129870,0x0000000084100000)
 Metaspace       used 20604K, capacity 21188K, committed 21296K, reserved 1067008K
  class space    used 2667K, capacity 2857K, committed 2864K, reserved 1048576K
}
Event: 2.289 GC heap before
{Heap before GC invocations=6 (full 1):
 PSYoungGen      total 138240K, used 133120K [0x00000000d5980000, 0x00000000de580000, 0x0000000100000000)
  eden space 133120K, 100% used [0x00000000d5980000,0x00000000ddb80000,0x00000000ddb80000)
  from space 5120K, 0% used [0x00000000de080000,0x00000000de080000,0x00000000de580000)
  to   space 5120K, 0% used [0x00000000ddb80000,0x00000000ddb80000,0x00000000de080000)
 ParOldGen       total 54272K, used 5286K [0x0000000080c00000, 0x0000000084100000, 0x00000000d5980000)
  object space 54272K, 9% used [0x0000000080c00000,0x0000000081129870,0x0000000084100000)
 Metaspace       used 28952K, capacity 30064K, committed 30128K, reserved 1075200K
  class space    used 3705K, capacity 3964K, committed 4016K, reserved 1048576K
Event: 2.298 GC heap after
Heap after GC invocations=6 (full 1):
 PSYoungGen      total 138240K, used 5104K [0x00000000d5980000, 0x00000000e4f00000, 0x0000000100000000)
  eden space 133120K, 0% used [0x00000000d5980000,0x00000000d5980000,0x00000000ddb80000)
  from space 5120K, 99% used [0x00000000ddb80000,0x00000000de07c030,0x00000000de080000)
  to   space 13312K, 0% used [0x00000000e4200000,0x00000000e4200000,0x00000000e4f00000)
 ParOldGen       total 54272K, used 11361K [0x0000000080c00000, 0x0000000084100000, 0x00000000d5980000)
  object space 54272K, 20% used [0x0000000080c00000,0x00000000817184c0,0x0000000084100000)
 Metaspace       used 28952K, capacity 30064K, committed 30128K, reserved 1075200K
  class space    used 3705K, capacity 3964K, committed 4016K, reserved 1048576K
}
Event: 3.030 GC heap before
{Heap before GC invocations=7 (full 1):
 PSYoungGen      total 138240K, used 66931K [0x00000000d5980000, 0x00000000e4f00000, 0x0000000100000000)
  eden space 133120K, 46% used [0x00000000d5980000,0x00000000d95e0c38,0x00000000ddb80000)
  from space 5120K, 99% used [0x00000000ddb80000,0x00000000de07c030,0x00000000de080000)
  to   space 13312K, 0% used [0x00000000e4200000,0x00000000e4200000,0x00000000e4f00000)
 ParOldGen       total 54272K, used 11361K [0x0000000080c00000, 0x0000000084100000, 0x00000000d5980000)
  object space 54272K, 20% used [0x0000000080c00000,0x00000000817184c0,0x0000000084100000)
 Metaspace       used 33886K, capacity 35392K, committed 35496K, reserved 1081344K
  class space    used 4309K, capacity 4614K, committed 4656K, reserved 1048576K
Event: 3.038 GC heap after
Heap after GC invocations=7 (full 1):
 PSYoungGen      total 229888K, used 10946K [0x00000000d5980000, 0x00000000e4d00000, 0x0000000100000000)
  eden space 218624K, 0% used [0x00000000d5980000,0x00000000d5980000,0x00000000e2f00000)
  from space 11264K, 97% used [0x00000000e4200000,0x00000000e4cb0910,0x00000000e4d00000)
  to   space 14336K, 0% used [0x00000000e3100000,0x00000000e3100000,0x00000000e3f00000)
 ParOldGen       total 54272K, used 11369K [0x0000000080c00000, 0x0000000084100000, 0x00000000d5980000)
  object space 54272K, 20% used [0x0000000080c00000,0x000000008171a4c0,0x0000000084100000)
 Metaspace       used 33886K, capacity 35392K, committed 35496K, reserved 1081344K
  class space    used 4309K, capacity 4614K, committed 4656K, reserved 1048576K
}
Event: 3.038 GC heap before
{Heap before GC invocations=8 (full 2):
 PSYoungGen      total 229888K, used 10946K [0x00000000d5980000, 0x00000000e4d00000, 0x0000000100000000)
  eden space 218624K, 0% used [0x00000000d5980000,0x00000000d5980000,0x00000000e2f00000)
  from space 11264K, 97% used [0x00000000e4200000,0x00000000e4cb0910,0x00000000e4d00000)
  to   space 14336K, 0% used [0x00000000e3100000,0x00000000e3100000,0x00000000e3f00000)
 ParOldGen       total 54272K, used 11369K [0x0000000080c00000, 0x0000000084100000, 0x00000000d5980000)
  object space 54272K, 20% used [0x0000000080c00000,0x000000008171a4c0,0x0000000084100000)
 Metaspace       used 33886K, capacity 35392K, committed 35496K, reserved 1081344K
  class space    used 4309K, capacity 4614K, committed 4656K, reserved 1048576K
Event: 3.076 GC heap after
Heap after GC invocations=8 (full 2):
 PSYoungGen      total 229888K, used 0K [0x00000000d5980000, 0x00000000e4d00000, 0x0000000100000000)
  eden space 218624K, 0% used [0x00000000d5980000,0x00000000d5980000,0x00000000e2f00000)
  from space 11264K, 0% used [0x00000000e4200000,0x00000000e4200000,0x00000000e4d00000)
  to   space 14336K, 0% used [0x00000000e3100000,0x00000000e3100000,0x00000000e3f00000)
 ParOldGen       total 82944K, used 16245K [0x0000000080c00000, 0x0000000085d00000, 0x00000000d5980000)
  object space 82944K, 19% used [0x0000000080c00000,0x0000000081bdd538,0x0000000085d00000)
 Metaspace       used 33886K, capacity 35392K, committed 35496K, reserved 1081344K
  class space    used 4309K, capacity 4614K, committed 4656K, reserved 1048576K
}
Event: 10.459 GC heap before
{Heap before GC invocations=9 (full 2):
 PSYoungGen      total 229888K, used 218624K [0x00000000d5980000, 0x00000000e4d00000, 0x0000000100000000)
  eden space 218624K, 100% used [0x00000000d5980000,0x00000000e2f00000,0x00000000e2f00000)
  from space 11264K, 0% used [0x00000000e4200000,0x00000000e4200000,0x00000000e4d00000)
  to   space 14336K, 0% used [0x00000000e3100000,0x00000000e3100000,0x00000000e3f00000)
 ParOldGen       total 82944K, used 16245K [0x0000000080c00000, 0x0000000085d00000, 0x00000000d5980000)
  object space 82944K, 19% used [0x0000000080c00000,0x0000000081bdd538,0x0000000085d00000)
 Metaspace       used 48745K, capacity 50866K, committed 51120K, reserved 1093632K
  class space    used 6112K, capacity 6515K, committed 6576K, reserved 1048576K
Event: 10.475 GC heap after
Heap after GC invocations=9 (full 2):
 PSYoungGen      total 235008K, used 14316K [0x00000000d5980000, 0x00000000ece00000, 0x0000000100000000)
  eden space 220672K, 0% used [0x00000000d5980000,0x00000000d5980000,0x00000000e3100000)
  from space 14336K, 99% used [0x00000000e3100000,0x00000000e3efb2c8,0x00000000e3f00000)
  to   space 18944K, 0% used [0x00000000ebb80000,0x00000000ebb80000,0x00000000ece00000)
 ParOldGen       total 82944K, used 21150K [0x0000000080c00000, 0x0000000085d00000, 0x00000000d5980000)
  object space 82944K, 25% used [0x0000000080c00000,0x00000000820a7bc8,0x0000000085d00000)
 Metaspace       used 48745K, capacity 50866K, committed 51120K, reserved 1093632K
  class space    used 6112K, capacity 6515K, committed 6576K, reserved 1048576K
}

